Added Component: Designator=C1(RAD-0.3)
Added Component: Designator=C2(RAD-0.3)
Added Component: Designator=C3(RAD-0.3)
Added Component: Designator=C4(RAD-0.3)
Added Component: Designator=J1(bnc50_5pins)
Added Component: Designator=J2(bnc50_5pins)
Added Component: Designator=J3(bnc50_5pins)
Added Component: Designator=J4(bnc50_5pins)
Added Component: Designator=P1(HDR2X4)
Added Component: Designator=R1(AXIAL-0.4)
Added Component: Designator=R2(AXIAL-0.4)
Added Component: Designator=R3(AXIAL-0.4)
Added Component: Designator=R4(AXIAL-0.4)
Added Pin To Net: NetName=GND Pin=C1-1
Added Pin To Net: NetName=INPUT_1 Pin=C1-2
Added Pin To Net: NetName=GND Pin=C2-1
Added Pin To Net: NetName=INPUT_2 Pin=C2-2
Added Pin To Net: NetName=GND Pin=C3-1
Added Pin To Net: NetName=INPUT_3 Pin=C3-2
Added Pin To Net: NetName=GND Pin=C4-1
Added Pin To Net: NetName=INPUT_4 Pin=C4-2
Added Pin To Net: NetName=INPUT_1 Pin=J1-1
Added Pin To Net: NetName=GND Pin=J1-2
Added Pin To Net: NetName=GND Pin=J1-3
Added Pin To Net: NetName=GND Pin=J1-4
Added Pin To Net: NetName=GND Pin=J1-5
Added Pin To Net: NetName=INPUT_2 Pin=J2-1
Added Pin To Net: NetName=GND Pin=J2-2
Added Pin To Net: NetName=GND Pin=J2-3
Added Pin To Net: NetName=GND Pin=J2-4
Added Pin To Net: NetName=GND Pin=J2-5
Added Pin To Net: NetName=INPUT_3 Pin=J3-1
Added Pin To Net: NetName=GND Pin=J3-2
Added Pin To Net: NetName=GND Pin=J3-3
Added Pin To Net: NetName=GND Pin=J3-4
Added Pin To Net: NetName=GND Pin=J3-5
Added Pin To Net: NetName=INPUT_4 Pin=J4-1
Added Pin To Net: NetName=GND Pin=J4-2
Added Pin To Net: NetName=GND Pin=J4-3
Added Pin To Net: NetName=GND Pin=J4-4
Added Pin To Net: NetName=GND Pin=J4-5
Added Pin To Net: NetName=INPUT_1 Pin=P1-1
Added Pin To Net: NetName=INPUT_2 Pin=P1-3
Added Pin To Net: NetName=INPUT_3 Pin=P1-5
Added Pin To Net: NetName=INPUT_4 Pin=P1-7
Added Pin To Net: NetName=GND Pin=R1-1
Added Pin To Net: NetName=INPUT_1 Pin=R1-2
Added Pin To Net: NetName=GND Pin=R2-1
Added Pin To Net: NetName=INPUT_2 Pin=R2-2
Added Pin To Net: NetName=GND Pin=R3-1
Added Pin To Net: NetName=INPUT_3 Pin=R3-2
Added Pin To Net: NetName=GND Pin=R4-1
Added Pin To Net: NetName=INPUT_4 Pin=R4-2
Added Member To Class: ClassName=mainSheet Member=Component C1 Cap
Added Member To Class: ClassName=mainSheet Member=Component C2 Cap
Added Member To Class: ClassName=mainSheet Member=Component C3 Cap
Added Member To Class: ClassName=mainSheet Member=Component C4 Cap
Added Member To Class: ClassName=mainSheet Member=Component J1 COAX-F
Added Member To Class: ClassName=mainSheet Member=Component J2 COAX-F
Added Member To Class: ClassName=mainSheet Member=Component J3 COAX-F
Added Member To Class: ClassName=mainSheet Member=Component J4 COAX-F
Added Member To Class: ClassName=mainSheet Member=Component P1 Header 4X2
Added Member To Class: ClassName=mainSheet Member=Component R1 Res2
Added Member To Class: ClassName=mainSheet Member=Component R2 Res2
Added Member To Class: ClassName=mainSheet Member=Component R3 Res2
Added Member To Class: ClassName=mainSheet Member=Component R4 Res2
Added Room: Name=mainSheet
