Added Component: Designator=C1(RAD-0.3)
Added Component: Designator=J1(bnc50_5pins)
Added Component: Designator=J2(bnc50_5pins)
Added Component: Designator=J3(bnc50_5pins)
Added Component: Designator=J4(bnc50_5pins)
Added Component: Designator=R1(AXIAL-0.4)
Added Pin To Net: NetName=GND Pin=C1-1
Added Pin To Net: NetName=GND Pin=J1-2
Added Pin To Net: NetName=GND Pin=J1-3
Added Pin To Net: NetName=GND Pin=J1-4
Added Pin To Net: NetName=GND Pin=J1-5
Added Pin To Net: NetName=GND Pin=R1-1
Added Net: Name=GND
Added Pin To Net: NetName=INPUT_1 Pin=C1-2
Added Pin To Net: NetName=INPUT_1 Pin=J1-1
Added Pin To Net: NetName=INPUT_1 Pin=R1-2
Added Net: Name=INPUT_1
Added Member To Class: ClassName=mainSheet Member=Component C1 Cap
Added Member To Class: ClassName=mainSheet Member=Component J1 COAX-F
Added Member To Class: ClassName=mainSheet Member=Component J2 COAX-F
Added Member To Class: ClassName=mainSheet Member=Component J3 COAX-F
Added Member To Class: ClassName=mainSheet Member=Component J4 COAX-F
Added Member To Class: ClassName=mainSheet Member=Component R1 Res2
